2024-10-31 14:16:14,308 - INFO - Excel file loaded successfully.
2024-10-31 14:16:14,701 - INFO - Filtered results, found 627 with Status 'VI'.
2024-10-31 14:16:14,715 - INFO - Connected to the database successfully.
2024-10-31 14:16:15,138 - INFO - Results have been saved to the Midpoints database.
2024-10-31 16:47:11,594 - INFO - Excel file loaded successfully.
2024-10-31 16:47:11,983 - INFO - Filtered results, found 627 with Status 'VI'.
2024-10-31 16:47:11,996 - INFO - Connected to the database successfully.
2024-10-31 16:47:12,627 - INFO - Results have been saved to the Midpoints database.
2024-11-04 14:39:01,809 - INFO - Excel file loaded successfully.
2024-11-04 14:39:02,250 - INFO - Filtered results, found 627 with Status 'VI'.
2024-11-04 14:39:02,263 - INFO - Connected to the database successfully.
2024-11-04 14:39:02,988 - INFO - Results have been saved to the Midpoints database.
2024-11-04 18:07:49,832 - INFO - Excel file loaded successfully.
2024-11-04 18:07:50,222 - INFO - Filtered results, found 627 with Status 'VI'.
2024-11-04 18:07:50,298 - INFO - Connected to the database successfully.
2024-11-04 18:07:50,756 - INFO - Results have been saved to the Midpoints database.
2024-11-07 17:33:26,497 - INFO - Excel file loaded successfully.
2024-11-07 17:33:26,859 - ERROR - Error in dms_to_decimal: invalid literal for int() with base 10: 'KT' with value: KT1A
2024-11-07 17:33:26,859 - ERROR - Error in dms_to_decimal: invalid literal for int() with base 10: 'KT' with value: KT1B
2024-11-07 17:33:27,005 - INFO - Filtered results, found 757 with Status 'VI'.
2024-11-07 17:33:27,017 - INFO - Connected to the database successfully.
2024-11-07 17:33:28,331 - INFO - Results have been saved to the Midpoints database.
2024-11-07 17:37:28,511 - INFO - Excel file loaded successfully.
2024-11-07 17:37:28,842 - ERROR - Error in dms_to_decimal: invalid literal for int() with base 10: 'KT' with value: KT1A
2024-11-07 17:37:28,843 - ERROR - Error in dms_to_decimal: invalid literal for int() with base 10: 'KT' with value: KT1B
2024-11-07 17:37:28,985 - INFO - Filtered results, found 757 with Status 'VI'.
2024-11-07 17:37:28,999 - INFO - Connected to the database successfully.
2024-11-07 17:37:29,614 - INFO - Results have been saved to the Midpoints database.
2024-11-07 17:37:38,801 - INFO - Excel file loaded successfully.
2024-11-07 17:37:39,134 - ERROR - Error in dms_to_decimal: invalid literal for int() with base 10: 'KT' with value: KT1A
2024-11-07 17:37:39,134 - ERROR - Error in dms_to_decimal: invalid literal for int() with base 10: 'KT' with value: KT1B
2024-11-07 17:37:39,288 - INFO - Filtered results, found 757 with Status 'VI'.
2024-11-07 17:37:39,301 - INFO - Connected to the database successfully.
2024-11-07 17:37:40,002 - INFO - Results have been saved to the Midpoints database.
2024-11-07 17:38:43,066 - INFO - Excel file loaded successfully.
2024-11-07 17:38:43,403 - ERROR - Error in dms_to_decimal: invalid literal for int() with base 10: 'KT' with value: KT1A
2024-11-07 17:38:43,403 - ERROR - Error in dms_to_decimal: invalid literal for int() with base 10: 'KT' with value: KT1B
2024-11-07 17:38:43,543 - INFO - Filtered results, found 757 with Status 'VI'.
2024-11-07 17:38:43,556 - INFO - Connected to the database successfully.
2024-11-07 17:38:44,065 - INFO - Results have been saved to the Midpoints database.
2024-11-07 17:38:49,802 - INFO - Excel file loaded successfully.
2024-11-07 17:38:50,120 - ERROR - Error in dms_to_decimal: invalid literal for int() with base 10: 'KT' with value: KT1A
2024-11-07 17:38:50,120 - ERROR - Error in dms_to_decimal: invalid literal for int() with base 10: 'KT' with value: KT1B
2024-11-07 17:38:50,257 - INFO - Filtered results, found 757 with Status 'VI'.
2024-11-07 17:38:50,270 - INFO - Connected to the database successfully.
2024-11-07 17:38:50,966 - INFO - Results have been saved to the Midpoints database.
2024-11-07 17:42:37,105 - INFO - Excel file loaded successfully.
2024-11-07 17:42:37,568 - INFO - Filtered results, found 757 with Status 'VI'.
2024-11-07 17:42:37,581 - INFO - Connected to the database successfully.
2024-11-07 17:42:38,275 - INFO - Results have been saved to the Midpoints database.
2024-11-12 16:48:36,277 - INFO - Excel file loaded successfully.
2024-11-12 16:48:36,795 - INFO - Filtered results, found 757 with Status 'VI'.
2024-11-12 16:48:36,808 - INFO - Connected to the database successfully.
2024-11-12 16:48:37,108 - ERROR - Error while inserting into MySQL: Not all parameters were used in the SQL statement
2024-11-12 16:49:43,120 - INFO - Excel file loaded successfully.
2024-11-12 16:49:43,594 - INFO - Filtered results, found 757 with Status 'VI'.
2024-11-12 16:49:43,608 - INFO - Connected to the database successfully.
2024-11-12 16:49:43,628 - ERROR - Error while inserting into MySQL: Not all parameters were used in the SQL statement
2024-11-12 16:50:36,524 - INFO - Excel file loaded successfully.
2024-11-12 16:50:37,051 - INFO - Filtered results, found 757 with Status 'VI'.
2024-11-12 16:50:37,063 - INFO - Connected to the database successfully.
2024-11-12 16:50:37,111 - ERROR - Error while inserting into MySQL: Not all parameters were used in the SQL statement
2024-11-12 16:52:10,907 - INFO - Excel file loaded successfully.
2024-11-12 16:52:11,403 - INFO - Filtered results, found 757 with Status 'VI'.
2024-11-12 16:52:11,415 - INFO - Connected to the database successfully.
2024-11-12 16:52:11,444 - ERROR - Error while inserting into MySQL: 1054 (42S22): Unknown column 'vi_tr1_latitude' in 'field list'
2024-11-12 16:53:49,030 - INFO - Excel file loaded successfully.
2024-11-12 16:53:49,503 - INFO - Filtered results, found 757 with Status 'VI'.
2024-11-12 16:53:49,517 - INFO - Connected to the database successfully.
2024-11-12 16:53:51,102 - INFO - 757 records saved to the database successfully.
2024-11-12 16:54:48,177 - INFO - Excel file loaded successfully.
2024-11-12 16:54:48,646 - INFO - Filtered results, found 757 with Status 'VI'.
2024-11-12 16:54:48,659 - INFO - Connected to the database successfully.
2024-11-12 16:54:49,493 - INFO - Results have been saved to the Midpoints database.
2024-11-12 16:55:04,140 - INFO - Excel file loaded successfully.
2024-11-12 16:55:04,631 - INFO - Filtered results, found 757 with Status 'VI'.
2024-11-12 16:55:04,644 - INFO - Connected to the database successfully.
2024-11-12 16:55:05,814 - INFO - Results have been saved to the Midpoints database.
2024-11-12 17:38:43,498 - INFO - Excel file loaded successfully.
2024-11-12 17:38:43,978 - INFO - Filtered results, found 757 with Status 'VI'.
2024-11-12 17:38:43,992 - INFO - Connected to the database successfully.
2024-11-12 17:38:44,116 - ERROR - Error while inserting into MySQL: 1054 (42S22): Unknown column 'vi_tr1_latitude' in 'field list'
2024-11-12 17:39:01,167 - INFO - Excel file loaded successfully.
2024-11-12 17:39:01,629 - INFO - Filtered results, found 757 with Status 'VI'.
2024-11-12 17:39:01,641 - INFO - Connected to the database successfully.
2024-11-12 17:39:02,629 - INFO - 757 records saved to the database successfully.
2024-11-12 17:39:23,536 - INFO - Excel file loaded successfully.
2024-11-12 17:39:23,993 - INFO - Filtered results, found 757 with Status 'VI'.
2024-11-12 17:39:24,006 - INFO - Connected to the database successfully.
2024-11-12 17:39:24,797 - INFO - 757 records saved to the database successfully.
2024-11-12 17:39:27,939 - INFO - Excel file loaded successfully.
2024-11-12 17:39:28,449 - INFO - Filtered results, found 757 with Status 'VI'.
2024-11-12 17:39:28,463 - INFO - Connected to the database successfully.
2024-11-12 17:39:29,389 - INFO - 757 records saved to the database successfully.
2024-11-12 17:44:43,549 - INFO - Excel file loaded successfully.
2024-11-12 17:44:44,053 - INFO - Filtered results, found 757 with Status 'VI'.
2024-11-12 17:44:44,066 - INFO - Connected to the database successfully.
2024-11-12 17:44:44,551 - INFO - Results have been saved to the Midpoints database.
2024-11-12 17:45:39,037 - INFO - Excel file loaded successfully.
2024-11-12 17:45:39,507 - INFO - Filtered results, found 757 with Status 'VI'.
2024-11-12 17:45:39,521 - INFO - Connected to the database successfully.
2024-11-12 17:45:40,728 - INFO - Results have been saved to the Midpoints database.
2024-11-12 17:46:01,091 - INFO - Excel file loaded successfully.
2024-11-12 17:46:01,562 - INFO - Filtered results, found 757 with Status 'VI'.
2024-11-12 17:46:01,575 - INFO - Connected to the database successfully.
2024-11-12 17:46:03,251 - INFO - 757 records saved to the database successfully.
2024-11-12 17:54:32,472 - INFO - Excel file loaded successfully.
2024-11-12 17:54:32,935 - INFO - Filtered results, found 757 with Status 'VI'.
2024-11-12 17:54:32,949 - INFO - Connected to the database successfully.
2024-11-12 17:54:34,152 - INFO - Results have been saved to the Midpoints database.
2024-11-12 17:54:53,312 - INFO - Excel file loaded successfully.
2024-11-12 17:54:53,775 - INFO - Filtered results, found 757 with Status 'VI'.
2024-11-12 17:54:53,788 - INFO - Connected to the database successfully.
2024-11-12 17:54:55,335 - INFO - 757 records saved to the database successfully.
2024-11-12 18:24:31,329 - INFO - Excel file loaded successfully.
2024-11-12 18:24:31,796 - INFO - Filtered results, found 757 with Status 'VI'.
2024-11-12 18:24:33,458 - INFO - Map created and saved as 'midpoint_vectors_map.html'.
2024-11-12 19:43:33,544 - INFO - Excel file loaded successfully.
2024-11-12 19:43:34,012 - INFO - Filtered results, found 757 with Status 'VI'.
2024-11-12 19:43:35,707 - INFO - Map created and saved as 'midpoint_vectors_map.html'.
2024-11-12 19:43:47,749 - INFO - Excel file loaded successfully.
2024-11-12 19:43:48,245 - INFO - Filtered results, found 757 with Status 'VI'.
2024-11-12 19:43:49,933 - INFO - Map created and saved as 'midpoint_vectors_map.html'.
2024-11-12 22:46:18,909 - INFO - Excel file loaded successfully.
2024-11-12 22:46:19,442 - INFO - Filtered results, found 757 with Status 'VI'.
2024-11-12 22:46:21,176 - INFO - Map created and saved as 'midpoint_vectors_map.html'.
2024-11-12 22:46:32,893 - INFO - Excel file loaded successfully.
2024-11-12 22:46:33,374 - INFO - Filtered results, found 757 with Status 'VI'.
2024-11-12 22:46:35,060 - INFO - Map created and saved as 'midpoint_vectors_map.html'.
2024-11-12 22:53:25,008 - INFO - Excel file loaded successfully.
2024-11-12 22:53:25,480 - INFO - Filtered results, found 757 with Status 'VI'.
2024-11-12 22:53:27,171 - INFO - Map created and saved as 'midpoint_vectors_map.html'.
2024-11-12 22:53:47,271 - INFO - Excel file loaded successfully.
2024-11-12 22:53:47,744 - INFO - Filtered results, found 757 with Status 'VI'.
2024-11-12 22:53:49,447 - INFO - Map created and saved as 'midpoint_vectors_map.html'.
2024-11-12 23:17:50,854 - INFO - Excel file loaded successfully.
2024-11-12 23:17:51,333 - INFO - Filtered results, found 757 with Status 'VI'.
2024-11-12 23:17:53,218 - INFO - Map created and saved as 'midpoint_vectors_map.html'.
2024-11-12 23:18:04,975 - INFO - Excel file loaded successfully.
2024-11-12 23:18:05,479 - INFO - Filtered results, found 757 with Status 'VI'.
2024-11-12 23:18:07,277 - INFO - Map created and saved as 'midpoint_vectors_map.html'.
2024-11-12 23:18:19,643 - INFO - Excel file loaded successfully.
2024-11-12 23:18:20,347 - INFO - Filtered results, found 757 with Status 'VI'.
2024-11-12 23:18:22,213 - INFO - Map created and saved as 'midpoint_vectors_map.html'.
2024-11-12 23:23:55,771 - INFO - Excel file loaded successfully.
2024-11-12 23:23:56,263 - INFO - Filtered results, found 757 with Status 'VI'.
2024-11-12 23:23:58,017 - INFO - Map created and saved as 'midpoint_vectors_map.html'.
2024-11-12 23:24:40,700 - INFO - Excel file loaded successfully.
2024-11-12 23:24:41,168 - INFO - Filtered results, found 757 with Status 'VI'.
2024-11-12 23:24:42,879 - INFO - Map created and saved as 'midpoint_vectors_map.html'.
2024-11-16 10:04:40,475 - INFO - Excel file loaded successfully.
2024-11-16 10:04:41,035 - INFO - Filtered results, found 757 with Status 'VI'.
2024-11-16 10:04:42,780 - INFO - Map created and saved as 'midpoint_vectors_map.html'.
2024-11-16 10:30:15,646 - INFO - Excel file loaded successfully.
2024-11-16 10:30:16,122 - INFO - Filtered results, found 757 with Status 'VI'.
2024-11-16 10:30:17,818 - INFO - Map created and saved as 'midpoint_vectors_map.html'.
2024-11-16 10:54:47,434 - INFO - Excel file loaded successfully.
2024-11-16 10:54:47,928 - INFO - Filtered results, found 757 with Status 'VI'.
2024-11-16 10:54:49,608 - INFO - Map created and saved as 'midpoint_vectors_map.html'.
2024-11-16 11:11:43,234 - INFO - Excel file loaded successfully.
2024-11-16 11:11:43,712 - INFO - Filtered results, found 757 with Status 'VI'.
2024-11-16 11:11:43,726 - INFO - Connected to the database successfully.
2024-11-16 11:11:44,061 - ERROR - Error saving results to database: Not all parameters were used in the SQL statement
2024-11-16 11:12:39,546 - INFO - Excel file loaded successfully.
2024-11-16 11:12:40,011 - INFO - Filtered results, found 757 with Status 'VI'.
2024-11-16 11:12:40,025 - INFO - Connected to the database successfully.
2024-11-16 11:12:41,149 - INFO - Results have been saved to the Midpoints database.
2024-11-16 12:46:56,636 - INFO - Excel file loaded successfully.
2024-11-16 12:46:57,103 - INFO - Filtered results, found 757 with Status 'VI'.
2024-11-16 12:46:58,903 - INFO - Map created and saved as 'midpoint_vectors_map.html'.
2024-11-20 13:45:35,683 - INFO - Excel file loaded successfully.
2024-11-20 13:45:36,241 - INFO - Filtered results, found 757 with Status 'VI'.
2024-11-20 13:45:36,253 - INFO - Connected to the database successfully.
2024-11-20 13:45:37,128 - INFO - Results have been saved to the Midpoints database.
